Determining if the pthread_create exist failed with the following output:
Change Dir: /home/tanmay/indigo_workspace/sandbox/knowledge_base/build/CMakeFiles/CMakeTmp

Run Build Command:/usr/bin/make "cmTryCompileExec4267000714/fast"
make[1]: Entering directory `/home/tanmay/indigo_workspace/sandbox/knowledge_base/build/CMakeFiles/CMakeTmp'
/usr/bin/make -f CMakeFiles/cmTryCompileExec4267000714.dir/build.make CMakeFiles/cmTryCompileExec4267000714.dir/build
make[2]: Entering directory `/home/tanmay/indigo_workspace/sandbox/knowledge_base/build/CMakeFiles/CMakeTmp'
/usr/bin/cmake -E cmake_progress_report /home/tanmay/indigo_workspace/sandbox/knowledge_base/build/CMakeFiles/CMakeTmp/CMakeFiles 1
Building C object CMakeFiles/cmTryCompileExec4267000714.dir/CheckSymbolExists.c.o
/usr/bin/cc    -o CMakeFiles/cmTryCompileExec4267000714.dir/CheckSymbolExists.c.o   -c /home/tanmay/indigo_workspace/sandbox/knowledge_base/build/CMakeFiles/CMakeTmp/CheckSymbolExists.c
Linking C executable cmTryCompileExec4267000714
/usr/bin/cmake -E cmake_link_script CMakeFiles/cmTryCompileExec4267000714.dir/link.txt --verbose=1
/usr/bin/cc       CMakeFiles/cmTryCompileExec4267000714.dir/CheckSymbolExists.c.o  -o cmTryCompileExec4267000714 -rdynamic 
CMakeFiles/cmTryCompileExec4267000714.dir/CheckSymbolExists.c.o: In function `main':
CheckSymbolExists.c:(.text+0x16): undefined reference to `pthread_create'
collect2: error: ld returned 1 exit status
make[2]: Leaving directory `/home/tanmay/indigo_workspace/sandbox/knowledge_base/build/CMakeFiles/CMakeTmp'
make[2]: *** [cmTryCompileExec4267000714] Error 1
make[1]: *** [cmTryCompileExec4267000714/fast] Error 2
make[1]: Leaving directory `/home/tanmay/indigo_workspace/sandbox/knowledge_base/build/CMakeFiles/CMakeTmp'

File /home/tanmay/indigo_workspace/sandbox/knowledge_base/build/CMakeFiles/CMakeTmp/CheckSymbolExists.c:
/* */
#include <pthread.h>

int main(int argc, char** argv)
{
  (void)argv;
#ifndef pthread_create
  return ((int*)(&pthread_create))[argc];
#else
  (void)argc;
  return 0;
#endif
}

Determining if the function pthread_create exists in the pthreads failed with the following output:
Change Dir: /home/tanmay/indigo_workspace/sandbox/knowledge_base/build/CMakeFiles/CMakeTmp

Run Build Command:/usr/bin/make "cmTryCompileExec1211330304/fast"
make[1]: Entering directory `/home/tanmay/indigo_workspace/sandbox/knowledge_base/build/CMakeFiles/CMakeTmp'
/usr/bin/make -f CMakeFiles/cmTryCompileExec1211330304.dir/build.make CMakeFiles/cmTryCompileExec1211330304.dir/build
make[2]: Entering directory `/home/tanmay/indigo_workspace/sandbox/knowledge_base/build/CMakeFiles/CMakeTmp'
/usr/bin/cmake -E cmake_progress_report /home/tanmay/indigo_workspace/sandbox/knowledge_base/build/CMakeFiles/CMakeTmp/CMakeFiles 1
Building C object CMakeFiles/cmTryCompileExec1211330304.dir/CheckFunctionExists.c.o
/usr/bin/cc   -DCHECK_FUNCTION_EXISTS=pthread_create   -o CMakeFiles/cmTryCompileExec1211330304.dir/CheckFunctionExists.c.o   -c /usr/share/cmake-2.8/Modules/CheckFunctionExists.c
Linking C executable cmTryCompileExec1211330304
/usr/bin/cmake -E cmake_link_script CMakeFiles/cmTryCompileExec1211330304.dir/link.txt --verbose=1
/usr/bin/cc   -DCHECK_FUNCTION_EXISTS=pthread_create    CMakeFiles/cmTryCompileExec1211330304.dir/CheckFunctionExists.c.o  -o cmTryCompileExec1211330304 -rdynamic -lpthreads 
/usr/bin/ld: cannot find -lpthreads
collect2: error: ld returned 1 exit status
make[2]: *** [cmTryCompileExec1211330304] Error 1
make[2]: Leaving directory `/home/tanmay/indigo_workspace/sandbox/knowledge_base/build/CMakeFiles/CMakeTmp'
make[1]: Leaving directory `/home/tanmay/indigo_workspace/sandbox/knowledge_base/build/CMakeFiles/CMakeTmp'
make[1]: *** [cmTryCompileExec1211330304/fast] Error 2


